<?xml version="1.0" encoding="UTF-8"?>
<!-- Generated by org.testng.reporters.JUnitReportReporter -->
<testsuite hostname="bthoa-3" failures="0" tests="1" name="TestTest.Program" time="9.889" errors="0" timestamp="2023-09-28T14:27:42 ICT" skipped="0">
  <testcase classname="TestTest.Program" name="verifyHomepageTitle" time="9.889"/>
</testsuite> <!-- TestTest.Program -->
